2023-05-21 14:05:339 INFO  BankManagerLoginPage :24 - Clicking On Bank Manager Login Button : [[ChromeDriver: chrome on WINDOWS (ddbef09d8381f55bd64daf87a66e5ba3)] -> xpath: //button[normalize-space()='Bank Manager Login']]
2023-05-21 14:05:596 INFO  AddCustomerPage :45 - Clicking On Add Customer Button : [[ChromeDriver: chrome on WINDOWS (ddbef09d8381f55bd64daf87a66e5ba3)] -> xpath: //button[normalize-space()='Add Customer']]
2023-05-21 14:05:93 INFO  AddCustomerPage :50 - Entering First Name Into First Name Filed : [[ChromeDriver: chrome on WINDOWS (ddbef09d8381f55bd64daf87a66e5ba3)] -> xpath: //input[@placeholder='First Name']]
2023-05-21 14:05:241 INFO  AddCustomerPage :55 - Entering Last Name Into Last Name Field : [[ChromeDriver: chrome on WINDOWS (ddbef09d8381f55bd64daf87a66e5ba3)] -> xpath: //input[@placeholder='Last Name']]
2023-05-21 14:05:398 INFO  AddCustomerPage :60 - Entering Postcode Into Postcode Field : [[ChromeDriver: chrome on WINDOWS (ddbef09d8381f55bd64daf87a66e5ba3)] -> xpath: //input[@placeholder='Post Code']]
2023-05-21 14:05:512 INFO  AddCustomerPage :65 - Clicking On Add Customer Button : [[ChromeDriver: chrome on WINDOWS (ddbef09d8381f55bd64daf87a66e5ba3)] -> xpath: //button[@type='submit']]
2023-05-21 14:05:460 INFO  BankManagerLoginPage :24 - Clicking On Bank Manager Login Button : [[ChromeDriver: chrome on WINDOWS (a637aa058f665c4379c64a43b8b7cd22)] -> xpath: //button[normalize-space()='Bank Manager Login']]
2023-05-21 14:05:830 INFO  OpenAccountPage :42 - Clicking On Open An Account Button : [[ChromeDriver: chrome on WINDOWS (a637aa058f665c4379c64a43b8b7cd22)] -> xpath: //button[normalize-space()='Open Account']]
2023-05-21 14:05:137 INFO  OpenAccountPage :48 - Clicking On The Customer Name Drop Down : [[ChromeDriver: chrome on WINDOWS (a637aa058f665c4379c64a43b8b7cd22)] -> css selector: #userSelect]
2023-05-21 14:05:329 INFO  OpenAccountPage :50 - Selecting Customer Name From The Drop Down : [[ChromeDriver: chrome on WINDOWS (a637aa058f665c4379c64a43b8b7cd22)] -> css selector: #userSelect]
2023-05-21 14:05:447 INFO  OpenAccountPage :56 - Clicking On The Currency Drop Down : [[ChromeDriver: chrome on WINDOWS (a637aa058f665c4379c64a43b8b7cd22)] -> xpath: //select[@id='currency']]
2023-05-21 14:05:565 INFO  OpenAccountPage :58 - Selecting The Desired Currency From Currency Drop Down : [[ChromeDriver: chrome on WINDOWS (a637aa058f665c4379c64a43b8b7cd22)] -> xpath: //select[@id='currency']]
2023-05-21 14:05:666 INFO  OpenAccountPage :63 - Clicking On The Process Button : [[ChromeDriver: chrome on WINDOWS (a637aa058f665c4379c64a43b8b7cd22)] -> xpath: //button[@type='submit']]
2023-05-21 14:05:818 INFO  CustomerLoginPage :45 - Clicking On Customer Login Button : [[ChromeDriver: chrome on WINDOWS (b17e306fa7176bb1a440576dcc9c0f86)] -> xpath: //button[@type='submit']]
2023-05-21 14:05:958 INFO  CustomerLoginPage :51 - Clicking On Customer Name Selection Drop Down : [[ChromeDriver: chrome on WINDOWS (b17e306fa7176bb1a440576dcc9c0f86)] -> xpath: //select[@id='userSelect']]
2023-05-21 14:05:105 INFO  CustomerLoginPage :53 - Selecting Customer Name From The Drop Down : [[ChromeDriver: chrome on WINDOWS (b17e306fa7176bb1a440576dcc9c0f86)] -> xpath: //select[@id='userSelect']]
2023-05-21 14:05:274 INFO  CustomerLoginPage :58 - Clicking On Login Button : [[ChromeDriver: chrome on WINDOWS (b17e306fa7176bb1a440576dcc9c0f86)] -> xpath: //button[@type='submit']]
2023-05-21 14:05:469 INFO  CustomerLoginPage :63 - Verifying Whether The Logout Tab Is Displayed Or Not : 
2023-05-21 14:05:547 INFO  CustomerLoginPage :69 - Clicking On Logout Tab : [[ChromeDriver: chrome on WINDOWS (b17e306fa7176bb1a440576dcc9c0f86)] -> xpath: //button[@class='btn logout']]
2023-05-21 14:05:512 INFO  CustomerLoginPage :45 - Clicking On Customer Login Button : [[ChromeDriver: chrome on WINDOWS (320900d68eb28886e8592637fdd09340)] -> xpath: //button[@type='submit']]
2023-05-21 14:05:648 INFO  CustomerLoginPage :51 - Clicking On Customer Name Selection Drop Down : [[ChromeDriver: chrome on WINDOWS (320900d68eb28886e8592637fdd09340)] -> xpath: //select[@id='userSelect']]
2023-05-21 14:05:775 INFO  CustomerLoginPage :53 - Selecting Customer Name From The Drop Down : [[ChromeDriver: chrome on WINDOWS (320900d68eb28886e8592637fdd09340)] -> xpath: //select[@id='userSelect']]
2023-05-21 14:05:968 INFO  CustomerLoginPage :58 - Clicking On Login Button : [[ChromeDriver: chrome on WINDOWS (320900d68eb28886e8592637fdd09340)] -> xpath: //button[@type='submit']]
2023-05-21 14:05:135 INFO  AccountPage :49 - Clicking On Deposit Button : [[ChromeDriver: chrome on WINDOWS (320900d68eb28886e8592637fdd09340)] -> xpath: //button[normalize-space()='Deposit']]
2023-05-21 14:05:423 INFO  AccountPage :54 - Entering The Amount Into Amount Field : [[ChromeDriver: chrome on WINDOWS (320900d68eb28886e8592637fdd09340)] -> xpath: //input[@placeholder='amount']]
2023-05-21 14:05:511 INFO  AccountPage :59 - Clicking On Deposit Button : [[ChromeDriver: chrome on WINDOWS (320900d68eb28886e8592637fdd09340)] -> xpath: //button[@type='submit']]
2023-05-21 14:05:722 INFO  CustomerLoginPage :45 - Clicking On Customer Login Button : [[ChromeDriver: chrome on WINDOWS (47432d7c655a4779c6fcbc3382b413a7)] -> xpath: //button[@type='submit']]
2023-05-21 14:05:870 INFO  CustomerLoginPage :51 - Clicking On Customer Name Selection Drop Down : [[ChromeDriver: chrome on WINDOWS (47432d7c655a4779c6fcbc3382b413a7)] -> xpath: //select[@id='userSelect']]
2023-05-21 14:05:00 INFO  CustomerLoginPage :53 - Selecting Customer Name From The Drop Down : [[ChromeDriver: chrome on WINDOWS (47432d7c655a4779c6fcbc3382b413a7)] -> xpath: //select[@id='userSelect']]
2023-05-21 14:05:262 INFO  CustomerLoginPage :58 - Clicking On Login Button : [[ChromeDriver: chrome on WINDOWS (47432d7c655a4779c6fcbc3382b413a7)] -> xpath: //button[@type='submit']]
2023-05-21 14:05:574 INFO  AccountPage :64 - Clicking On Withdraw Button : [[ChromeDriver: chrome on WINDOWS (47432d7c655a4779c6fcbc3382b413a7)] -> xpath: //button[@type='submit']]
2023-05-21 14:05:672 INFO  AccountPage :54 - Entering The Amount Into Amount Field : [[ChromeDriver: chrome on WINDOWS (47432d7c655a4779c6fcbc3382b413a7)] -> xpath: //input[@placeholder='amount']]
2023-05-21 14:05:755 INFO  AccountPage :74 - Clicking On Withdraw Button : [[ChromeDriver: chrome on WINDOWS (47432d7c655a4779c6fcbc3382b413a7)] -> xpath: //button[@type='submit']]
2023-05-24 15:05:376 INFO  BankManagerLoginPage :24 - Clicking On Bank Manager Login Button : [[ChromeDriver: chrome on WINDOWS (dd98f9d992bc2a73387138ff3925ce7e)] -> xpath: //button[normalize-space()='Bank Manager Login']]
2023-05-24 15:05:718 INFO  AddCustomerPage :45 - Clicking On Add Customer Button : [[ChromeDriver: chrome on WINDOWS (dd98f9d992bc2a73387138ff3925ce7e)] -> xpath: //button[normalize-space()='Add Customer']]
2023-05-24 15:05:151 INFO  AddCustomerPage :50 - Entering First Name Into First Name Filed : [[ChromeDriver: chrome on WINDOWS (dd98f9d992bc2a73387138ff3925ce7e)] -> xpath: //input[@placeholder='First Name']]
2023-05-24 15:05:281 INFO  AddCustomerPage :55 - Entering Last Name Into Last Name Field : [[ChromeDriver: chrome on WINDOWS (dd98f9d992bc2a73387138ff3925ce7e)] -> xpath: //input[@placeholder='Last Name']]
2023-05-24 15:05:444 INFO  AddCustomerPage :60 - Entering Postcode Into Postcode Field : [[ChromeDriver: chrome on WINDOWS (dd98f9d992bc2a73387138ff3925ce7e)] -> xpath: //input[@placeholder='Post Code']]
2023-05-24 15:05:556 INFO  AddCustomerPage :65 - Clicking On Add Customer Button : [[ChromeDriver: chrome on WINDOWS (dd98f9d992bc2a73387138ff3925ce7e)] -> xpath: //button[@type='submit']]
2023-05-24 15:05:781 INFO  BankManagerLoginPage :24 - Clicking On Bank Manager Login Button : [[ChromeDriver: chrome on WINDOWS (92be0b0f20e4cf74ce84f4423b30cfb5)] -> xpath: //button[normalize-space()='Bank Manager Login']]
2023-05-24 15:05:159 INFO  OpenAccountPage :42 - Clicking On Open An Account Button : [[ChromeDriver: chrome on WINDOWS (92be0b0f20e4cf74ce84f4423b30cfb5)] -> xpath: //button[normalize-space()='Open Account']]
2023-05-24 15:05:581 INFO  OpenAccountPage :48 - Clicking On The Customer Name Drop Down : [[ChromeDriver: chrome on WINDOWS (92be0b0f20e4cf74ce84f4423b30cfb5)] -> css selector: #userSelect]
2023-05-24 15:05:730 INFO  OpenAccountPage :50 - Selecting Customer Name From The Drop Down : [[ChromeDriver: chrome on WINDOWS (92be0b0f20e4cf74ce84f4423b30cfb5)] -> css selector: #userSelect]
2023-05-24 15:05:856 INFO  OpenAccountPage :56 - Clicking On The Currency Drop Down : [[ChromeDriver: chrome on WINDOWS (92be0b0f20e4cf74ce84f4423b30cfb5)] -> xpath: //select[@id='currency']]
2023-05-24 15:05:973 INFO  OpenAccountPage :58 - Selecting The Desired Currency From Currency Drop Down : [[ChromeDriver: chrome on WINDOWS (92be0b0f20e4cf74ce84f4423b30cfb5)] -> xpath: //select[@id='currency']]
2023-05-24 15:05:56 INFO  OpenAccountPage :63 - Clicking On The Process Button : [[ChromeDriver: chrome on WINDOWS (92be0b0f20e4cf74ce84f4423b30cfb5)] -> xpath: //button[@type='submit']]
2023-05-24 15:05:412 INFO  CustomerLoginPage :45 - Clicking On Customer Login Button : [[ChromeDriver: chrome on WINDOWS (8c09baff4ac131789575ed7c0482853e)] -> xpath: //button[@type='submit']]
2023-05-24 15:05:513 INFO  CustomerLoginPage :51 - Clicking On Customer Name Selection Drop Down : [[ChromeDriver: chrome on WINDOWS (8c09baff4ac131789575ed7c0482853e)] -> xpath: //select[@id='userSelect']]
2023-05-24 15:05:658 INFO  CustomerLoginPage :53 - Selecting Customer Name From The Drop Down : [[ChromeDriver: chrome on WINDOWS (8c09baff4ac131789575ed7c0482853e)] -> xpath: //select[@id='userSelect']]
2023-05-24 15:05:779 INFO  CustomerLoginPage :58 - Clicking On Login Button : [[ChromeDriver: chrome on WINDOWS (8c09baff4ac131789575ed7c0482853e)] -> xpath: //button[@type='submit']]
2023-05-24 15:05:94 INFO  CustomerLoginPage :63 - Verifying Whether The Logout Tab Is Displayed Or Not : 
2023-05-24 15:05:141 INFO  CustomerLoginPage :69 - Clicking On Logout Tab : [[ChromeDriver: chrome on WINDOWS (8c09baff4ac131789575ed7c0482853e)] -> xpath: //button[@class='btn logout']]
2023-05-24 15:05:673 INFO  CustomerLoginPage :45 - Clicking On Customer Login Button : [[ChromeDriver: chrome on WINDOWS (0a4452879c7a75739b7abf978a988d0e)] -> xpath: //button[@type='submit']]
2023-05-24 15:05:795 INFO  CustomerLoginPage :51 - Clicking On Customer Name Selection Drop Down : [[ChromeDriver: chrome on WINDOWS (0a4452879c7a75739b7abf978a988d0e)] -> xpath: //select[@id='userSelect']]
2023-05-24 15:05:918 INFO  CustomerLoginPage :53 - Selecting Customer Name From The Drop Down : [[ChromeDriver: chrome on WINDOWS (0a4452879c7a75739b7abf978a988d0e)] -> xpath: //select[@id='userSelect']]
2023-05-24 15:05:57 INFO  CustomerLoginPage :58 - Clicking On Login Button : [[ChromeDriver: chrome on WINDOWS (0a4452879c7a75739b7abf978a988d0e)] -> xpath: //button[@type='submit']]
2023-05-24 15:05:391 INFO  AccountPage :49 - Clicking On Deposit Button : [[ChromeDriver: chrome on WINDOWS (0a4452879c7a75739b7abf978a988d0e)] -> xpath: //button[normalize-space()='Deposit']]
2023-05-24 15:05:770 INFO  AccountPage :54 - Entering The Amount Into Amount Field : [[ChromeDriver: chrome on WINDOWS (0a4452879c7a75739b7abf978a988d0e)] -> xpath: //input[@placeholder='amount']]
2023-05-24 15:05:881 INFO  AccountPage :59 - Clicking On Deposit Button : [[ChromeDriver: chrome on WINDOWS (0a4452879c7a75739b7abf978a988d0e)] -> xpath: //button[@type='submit']]
2023-05-24 15:05:559 INFO  CustomerLoginPage :45 - Clicking On Customer Login Button : [[ChromeDriver: chrome on WINDOWS (4a670e96b4e482d63f3119ef9474e019)] -> xpath: //button[@type='submit']]
2023-05-24 15:05:668 INFO  CustomerLoginPage :51 - Clicking On Customer Name Selection Drop Down : [[ChromeDriver: chrome on WINDOWS (4a670e96b4e482d63f3119ef9474e019)] -> xpath: //select[@id='userSelect']]
2023-05-24 15:05:770 INFO  CustomerLoginPage :53 - Selecting Customer Name From The Drop Down : [[ChromeDriver: chrome on WINDOWS (4a670e96b4e482d63f3119ef9474e019)] -> xpath: //select[@id='userSelect']]
2023-05-24 15:05:908 INFO  CustomerLoginPage :58 - Clicking On Login Button : [[ChromeDriver: chrome on WINDOWS (4a670e96b4e482d63f3119ef9474e019)] -> xpath: //button[@type='submit']]
2023-05-24 15:05:510 INFO  AccountPage :64 - Clicking On Withdraw Button : [[ChromeDriver: chrome on WINDOWS (4a670e96b4e482d63f3119ef9474e019)] -> xpath: //button[@type='submit']]
2023-05-24 15:05:652 INFO  AccountPage :54 - Entering The Amount Into Amount Field : [[ChromeDriver: chrome on WINDOWS (4a670e96b4e482d63f3119ef9474e019)] -> xpath: //input[@placeholder='amount']]
2023-05-24 15:05:755 INFO  AccountPage :74 - Clicking On Withdraw Button : [[ChromeDriver: chrome on WINDOWS (4a670e96b4e482d63f3119ef9474e019)] -> xpath: //button[@type='submit']]
